2    [XML-RPC-0] ERROR net.sf.jasperreports.engine.fill.JRFillSubreport - Fill 1: exception
net.sf.jasperreports.engine.fill.JRExpressionEvalException: Error evaluating expression : 
	Source text : $P{date_order}
	at net.sf.jasperreports.engine.fill.JREvaluator.evaluate(JREvaluator.java:203)
	at net.sf.jasperreports.engine.fill.JRCalculator.evaluate(JRCalculator.java:591)
	at net.sf.jasperreports.engine.fill.JRCalculator.evaluate(JRCalculator.java:559)
	at net.sf.jasperreports.engine.fill.JRFillSubreport.getParameterValues(JRFillSubreport.java:604)
	at net.sf.jasperreports.engine.fill.JRFillSubreport.getParameterValues(JRFillSubreport.java:510)
	at net.sf.jasperreports.engine.fill.JRFillSubreport.evaluateParameterValues(JRFillSubreport.java:406)
	at net.sf.jasperreports.components.table.fill.FillTableSubreport.evaluateParameterValues(FillTableSubreport.java:101)
	at net.sf.jasperreports.engine.fill.JRFillSubreport.evaluateSubreport(JRFillSubreport.java:386)
	at net.sf.jasperreports.components.table.fill.FillTableSubreport.evaluateSubreport(FillTableSubreport.java:95)
	at net.sf.jasperreports.components.table.fill.FillTable.evaluate(FillTable.java:106)
	at net.sf.jasperreports.engine.fill.JRFillComponentElement.evaluate(JRFillComponentElement.java:88)
	at net.sf.jasperreports.engine.fill.JRFillElementContainer.evaluate(JRFillElementContainer.java:257)
	at net.sf.jasperreports.engine.fill.JRFillBand.evaluate(JRFillBand.java:457)
	at net.sf.jasperreports.engine.fill.JRVerticalFiller.fillSummaryNoLastFooterSamePage(JRVerticalFiller.java:1083)
	at net.sf.jasperreports.engine.fill.JRVerticalFiller.fillSummary(JRVerticalFiller.java:1048)
	at net.sf.jasperreports.engine.fill.JRVerticalFiller.fillReportEnd(JRVerticalFiller.java:312)
	at net.sf.jasperreports.engine.fill.JRVerticalFiller.fillReport(JRVerticalFiller.java:151)
	at net.sf.jasperreports.engine.fill.JRBaseFiller.fill(JRBaseFiller.java:909)
	at net.sf.jasperreports.engine.fill.JRBaseFiller.fill(JRBaseFiller.java:822)
	at net.sf.jasperreports.engine.fill.JRFillSubreport.fillSubreport(JRFillSubreport.java:652)
	at net.sf.jasperreports.engine.fill.JRSubreportRunnable.run(JRSubreportRunnable.java:59)
	at net.sf.jasperreports.engine.fill.JRThreadSubreportRunner.run(JRThreadSubreportRunner.java:227)
	at java.lang.Thread.run(Thread.java:745)
Caused by: java.lang.ClassCastException: java.sql.Date cannot be cast to java.lang.String
	at report_harian_recycle_subreport1_1424065905116_339465.evaluate(report_harian_recycle_subreport1_1424065905116_339465:343)
	at net.sf.jasperreports.engine.fill.JREvaluator.evaluate(JREvaluator.java:190)
	... 22 more
33   [XML-RPC-0] ERROR org.apache.xmlrpc.server.XmlRpcErrorLogger - Failed to invoke method execute in class com.nantic.jasperreports.JasperServer: net.sf.jasperreports.engine.fill.JRExpressionEvalException: Error evaluating expression : 
	Source text : $P{date_order}
org.apache.xmlrpc.common.XmlRpcInvocationException: Failed to invoke method execute in class com.nantic.jasperreports.JasperServer: net.sf.jasperreports.engine.fill.JRExpressionEvalException: Error evaluating expression : 
	Source text : $P{date_order}
	at org.apache.xmlrpc.server.ReflectiveXmlRpcHandler.invoke(ReflectiveXmlRpcHandler.java:129)
	at org.apache.xmlrpc.server.ReflectiveXmlRpcHandler.execute(ReflectiveXmlRpcHandler.java:106)
	at org.apache.xmlrpc.server.XmlRpcServerWorker.execute(XmlRpcServerWorker.java:46)
	at org.apache.xmlrpc.server.XmlRpcServer.execute(XmlRpcServer.java:86)
	at org.apache.xmlrpc.server.XmlRpcStreamServer.execute(XmlRpcStreamServer.java:200)
	at org.apache.xmlrpc.webserver.Connection.run(Connection.java:208)
	at org.apache.xmlrpc.util.ThreadPool$Poolable$1.run(ThreadPool.java:68)
Caused by: net.sf.jasperreports.engine.JRRuntimeException: net.sf.jasperreports.engine.fill.JRExpressionEvalException: Error evaluating expression : 
	Source text : $P{date_order}
	at net.sf.jasperreports.engine.fill.JRFillSubreport.prepare(JRFillSubreport.java:762)
	at net.sf.jasperreports.engine.fill.JRFillElementContainer.prepareElements(JRFillElementContainer.java:328)
	at net.sf.jasperreports.engine.fill.JRFillBand.fill(JRFillBand.java:377)
	at net.sf.jasperreports.engine.fill.JRFillBand.fill(JRFillBand.java:351)
	at net.sf.jasperreports.engine.fill.JRVerticalFiller.fillColumnBand(JRVerticalFiller.java:2039)
	at net.sf.jasperreports.engine.fill.JRVerticalFiller.fillGroupHeader(JRVerticalFiller.java:632)
	at net.sf.jasperreports.engine.fill.JRVerticalFiller.fillGroupHeaders(JRVerticalFiller.java:554)
	at net.sf.jasperreports.engine.fill.JRVerticalFiller.fillReportStart(JRVerticalFiller.java:279)
	at net.sf.jasperreports.engine.fill.JRVerticalFiller.fillReport(JRVerticalFiller.java:144)
	at net.sf.jasperreports.engine.fill.JRBaseFiller.fill(JRBaseFiller.java:909)
	at net.sf.jasperreports.engine.fill.JRBaseFiller.fill(JRBaseFiller.java:822)
	at net.sf.jasperreports.engine.fill.JRFiller.fill(JRFiller.java:61)
	at net.sf.jasperreports.engine.JasperFillManager.fill(JasperFillManager.java:446)
	at net.sf.jasperreports.engine.JasperFillManager.fillReport(JasperFillManager.java:849)
	at com.nantic.jasperreports.JasperServer.privateExecute(JasperServer.java:208)
	at com.nantic.jasperreports.JasperServer.execute(JasperServer.java:106)
	at sun.reflect.NativeMethodAccessorImpl.invoke0(Native Method)
	at sun.reflect.NativeMethodAccessorImpl.invoke(NativeMethodAccessorImpl.java:57)
	at sun.reflect.DelegatingMethodAccessorImpl.invoke(DelegatingMethodAccessorImpl.java:43)
	at java.lang.reflect.Method.invoke(Method.java:606)
	at org.apache.xmlrpc.server.ReflectiveXmlRpcHandler.invoke(ReflectiveXmlRpcHandler.java:115)
	... 6 more
Caused by: net.sf.jasperreports.engine.fill.JRExpressionEvalException: Error evaluating expression : 
	Source text : $P{date_order}
	at net.sf.jasperreports.engine.fill.JREvaluator.evaluate(JREvaluator.java:203)
	at net.sf.jasperreports.engine.fill.JRCalculator.evaluate(JRCalculator.java:591)
	at net.sf.jasperreports.engine.fill.JRCalculator.evaluate(JRCalculator.java:559)
	at net.sf.jasperreports.engine.fill.JRFillSubreport.getParameterValues(JRFillSubreport.java:604)
	at net.sf.jasperreports.engine.fill.JRFillSubreport.getParameterValues(JRFillSubreport.java:510)
	at net.sf.jasperreports.engine.fill.JRFillSubreport.evaluateParameterValues(JRFillSubreport.java:406)
	at net.sf.jasperreports.components.table.fill.FillTableSubreport.evaluateParameterValues(FillTableSubreport.java:101)
	at net.sf.jasperreports.engine.fill.JRFillSubreport.evaluateSubreport(JRFillSubreport.java:386)
	at net.sf.jasperreports.components.table.fill.FillTableSubreport.evaluateSubreport(FillTableSubreport.java:95)
	at net.sf.jasperreports.components.table.fill.FillTable.evaluate(FillTable.java:106)
	at net.sf.jasperreports.engine.fill.JRFillComponentElement.evaluate(JRFillComponentElement.java:88)
	at net.sf.jasperreports.engine.fill.JRFillElementContainer.evaluate(JRFillElementContainer.java:257)
	at net.sf.jasperreports.engine.fill.JRFillBand.evaluate(JRFillBand.java:457)
	at net.sf.jasperreports.engine.fill.JRVerticalFiller.fillSummaryNoLastFooterSamePage(JRVerticalFiller.java:1083)
	at net.sf.jasperreports.engine.fill.JRVerticalFiller.fillSummary(JRVerticalFiller.java:1048)
	at net.sf.jasperreports.engine.fill.JRVerticalFiller.fillReportEnd(JRVerticalFiller.java:312)
	at net.sf.jasperreports.engine.fill.JRVerticalFiller.fillReport(JRVerticalFiller.java:151)
	at net.sf.jasperreports.engine.fill.JRBaseFiller.fill(JRBaseFiller.java:909)
	at net.sf.jasperreports.engine.fill.JRBaseFiller.fill(JRBaseFiller.java:822)
	at net.sf.jasperreports.engine.fill.JRFillSubreport.fillSubreport(JRFillSubreport.java:652)
	at net.sf.jasperreports.engine.fill.JRSubreportRunnable.run(JRSubreportRunnable.java:59)
	at net.sf.jasperreports.engine.fill.JRThreadSubreportRunner.run(JRThreadSubreportRunner.java:227)
	at java.lang.Thread.run(Thread.java:745)
Caused by: java.lang.ClassCastException: java.sql.Date cannot be cast to java.lang.String
	at report_harian_recycle_subreport1_1424065905116_339465.evaluate(report_harian_recycle_subreport1_1424065905116_339465:343)
	at net.sf.jasperreports.engine.fill.JREvaluator.evaluate(JREvaluator.java:190)
	... 22 more
Caused by:
net.sf.jasperreports.engine.JRRuntimeException: net.sf.jasperreports.engine.fill.JRExpressionEvalException: Error evaluating expression : 
	Source text : $P{date_order}
	at net.sf.jasperreports.engine.fill.JRFillSubreport.prepare(JRFillSubreport.java:762)
	at net.sf.jasperreports.engine.fill.JRFillElementContainer.prepareElements(JRFillElementContainer.java:328)
	at net.sf.jasperreports.engine.fill.JRFillBand.fill(JRFillBand.java:377)
	at net.sf.jasperreports.engine.fill.JRFillBand.fill(JRFillBand.java:351)
	at net.sf.jasperreports.engine.fill.JRVerticalFiller.fillColumnBand(JRVerticalFiller.java:2039)
	at net.sf.jasperreports.engine.fill.JRVerticalFiller.fillGroupHeader(JRVerticalFiller.java:632)
	at net.sf.jasperreports.engine.fill.JRVerticalFiller.fillGroupHeaders(JRVerticalFiller.java:554)
	at net.sf.jasperreports.engine.fill.JRVerticalFiller.fillReportStart(JRVerticalFiller.java:279)
	at net.sf.jasperreports.engine.fill.JRVerticalFiller.fillReport(JRVerticalFiller.java:144)
	at net.sf.jasperreports.engine.fill.JRBaseFiller.fill(JRBaseFiller.java:909)
	at net.sf.jasperreports.engine.fill.JRBaseFiller.fill(JRBaseFiller.java:822)
	at net.sf.jasperreports.engine.fill.JRFiller.fill(JRFiller.java:61)
	at net.sf.jasperreports.engine.JasperFillManager.fill(JasperFillManager.java:446)
	at net.sf.jasperreports.engine.JasperFillManager.fillReport(JasperFillManager.java:849)
	at com.nantic.jasperreports.JasperServer.privateExecute(JasperServer.java:208)
	at com.nantic.jasperreports.JasperServer.execute(JasperServer.java:106)
	at sun.reflect.NativeMethodAccessorImpl.invoke0(Native Method)
	at sun.reflect.NativeMethodAccessorImpl.invoke(NativeMethodAccessorImpl.java:57)
	at sun.reflect.DelegatingMethodAccessorImpl.invoke(DelegatingMethodAccessorImpl.java:43)
	at java.lang.reflect.Method.invoke(Method.java:606)
	at org.apache.xmlrpc.server.ReflectiveXmlRpcHandler.invoke(ReflectiveXmlRpcHandler.java:115)
	at org.apache.xmlrpc.server.ReflectiveXmlRpcHandler.execute(ReflectiveXmlRpcHandler.java:106)
	at org.apache.xmlrpc.server.XmlRpcServerWorker.execute(XmlRpcServerWorker.java:46)
	at org.apache.xmlrpc.server.XmlRpcServer.execute(XmlRpcServer.java:86)
	at org.apache.xmlrpc.server.XmlRpcStreamServer.execute(XmlRpcStreamServer.java:200)
	at org.apache.xmlrpc.webserver.Connection.run(Connection.java:208)
	at org.apache.xmlrpc.util.ThreadPool$Poolable$1.run(ThreadPool.java:68)
Caused by: net.sf.jasperreports.engine.fill.JRExpressionEvalException: Error evaluating expression : 
	Source text : $P{date_order}
	at net.sf.jasperreports.engine.fill.JREvaluator.evaluate(JREvaluator.java:203)
	at net.sf.jasperreports.engine.fill.JRCalculator.evaluate(JRCalculator.java:591)
	at net.sf.jasperreports.engine.fill.JRCalculator.evaluate(JRCalculator.java:559)
	at net.sf.jasperreports.engine.fill.JRFillSubreport.getParameterValues(JRFillSubreport.java:604)
	at net.sf.jasperreports.engine.fill.JRFillSubreport.getParameterValues(JRFillSubreport.java:510)
	at net.sf.jasperreports.engine.fill.JRFillSubreport.evaluateParameterValues(JRFillSubreport.java:406)
	at net.sf.jasperreports.components.table.fill.FillTableSubreport.evaluateParameterValues(FillTableSubreport.java:101)
	at net.sf.jasperreports.engine.fill.JRFillSubreport.evaluateSubreport(JRFillSubreport.java:386)
	at net.sf.jasperreports.components.table.fill.FillTableSubreport.evaluateSubreport(FillTableSubreport.java:95)
	at net.sf.jasperreports.components.table.fill.FillTable.evaluate(FillTable.java:106)
	at net.sf.jasperreports.engine.fill.JRFillComponentElement.evaluate(JRFillComponentElement.java:88)
	at net.sf.jasperreports.engine.fill.JRFillElementContainer.evaluate(JRFillElementContainer.java:257)
	at net.sf.jasperreports.engine.fill.JRFillBand.evaluate(JRFillBand.java:457)
	at net.sf.jasperreports.engine.fill.JRVerticalFiller.fillSummaryNoLastFooterSamePage(JRVerticalFiller.java:1083)
	at net.sf.jasperreports.engine.fill.JRVerticalFiller.fillSummary(JRVerticalFiller.java:1048)
	at net.sf.jasperreports.engine.fill.JRVerticalFiller.fillReportEnd(JRVerticalFiller.java:312)
	at net.sf.jasperreports.engine.fill.JRVerticalFiller.fillReport(JRVerticalFiller.java:151)
	at net.sf.jasperreports.engine.fill.JRBaseFiller.fill(JRBaseFiller.java:909)
	at net.sf.jasperreports.engine.fill.JRBaseFiller.fill(JRBaseFiller.java:822)
	at net.sf.jasperreports.engine.fill.JRFillSubreport.fillSubreport(JRFillSubreport.java:652)
	at net.sf.jasperreports.engine.fill.JRSubreportRunnable.run(JRSubreportRunnable.java:59)
	at net.sf.jasperreports.engine.fill.JRThreadSubreportRunner.run(JRThreadSubreportRunner.java:227)
	at java.lang.Thread.run(Thread.java:745)
Caused by: java.lang.ClassCastException: java.sql.Date cannot be cast to java.lang.String
	at report_harian_recycle_subreport1_1424065905116_339465.evaluate(report_harian_recycle_subreport1_1424065905116_339465:343)
	at net.sf.jasperreports.engine.fill.JREvaluator.evaluate(JREvaluator.java:190)
	... 22 more
